** USAT-Raw, Ver. 1.0a, (c) 2020 Ingo Lange, Universität Hamburg **
** Dateien mit USAT-Einzelwerten in Tagesdatei umwandeln **
Tag: 18.01.2020 UTC
LAT: NAN°
LON: NAN°
ALT: NAN m
SN: UBUG
MinAllowedSampleRate: 19,996 Hz
MaxAllowedSampleRate: 20,01 Hz
Laden: 20200118-000000-UTC-UBUG-COM1.raw
Laden: 20200118-010000-UTC-UBUG-COM1.raw
Laden: 20200118-020000-UTC-UBUG-COM1.raw
Laden: 20200118-030000-UTC-UBUG-COM1.raw
Laden: 20200118-040000-UTC-UBUG-COM1.raw
Laden: 20200118-050000-UTC-UBUG-COM1.raw
Laden: 20200118-060000-UTC-UBUG-COM1.raw
Laden: 20200118-070000-UTC-UBUG-COM1.raw
Laden: 20200118-080000-UTC-UBUG-COM1.raw
Laden: 20200118-090000-UTC-UBUG-COM1.raw
Laden: 20200118-100000-UTC-UBUG-COM1.raw
Laden: 20200118-110000-UTC-UBUG-COM1.raw
Laden: 20200118-120000-UTC-UBUG-COM1.raw
Laden: 20200118-130000-UTC-UBUG-COM1.raw
Laden: 20200118-140000-UTC-UBUG-COM1.raw
Laden: 20200118-150000-UTC-UBUG-COM1.raw
Laden: 20200118-160000-UTC-UBUG-COM1.raw
Laden: 20200118-170000-UTC-UBUG-COM1.raw
Laden: 20200118-180000-UTC-UBUG-COM1.raw
Laden: 20200118-190000-UTC-UBUG-COM1.raw
Laden: 20200118-200000-UTC-UBUG-COM1.raw
Laden: 20200118-210000-UTC-UBUG-COM1.raw
Laden: 20200118-220000-UTC-UBUG-COM1.raw
Laden: 20200118-230000-UTC-UBUG-COM1.raw
Speichern: 20200118-UBUG.txt
99,9994 % der Datensätze gefüllt (1727989 von 1728000).
